{"/var/www/ProyectoDragon/backend/servicios/redSuperior/dragoneye/core/DragonEye.js": {"path":"/var/www/ProyectoDragon/backend/servicios/redSuperior/dragoneye/core/DragonEye.js","statementMap":{"0":{"start":{"line":16,"column":8},"end":{"line":23,"column":10}},"1":{"start":{"line":25,"column":8},"end":{"line":25,"column":57}},"2":{"start":{"line":26,"column":8},"end":{"line":26,"column":48}},"3":{"start":{"line":28,"column":8},"end":{"line":28,"column":63}},"4":{"start":{"line":29,"column":8},"end":{"line":29,"column":71}},"5":{"start":{"line":31,"column":8},"end":{"line":31,"column":28}},"6":{"start":{"line":32,"column":8},"end":{"line":32,"column":40}},"7":{"start":{"line":33,"column":8},"end":{"line":33,"column":31}},"8":{"start":{"line":34,"column":8},"end":{"line":34,"column":33}},"9":{"start":{"line":38,"column":8},"end":{"line":66,"column":9}},"10":{"start":{"line":39,"column":12},"end":{"line":41,"column":15}},"11":{"start":{"line":43,"column":12},"end":{"line":43,"column":31}},"12":{"start":{"line":44,"column":12},"end":{"line":44,"column":45}},"13":{"start":{"line":45,"column":12},"end":{"line":45,"column":55}},"14":{"start":{"line":48,"column":12},"end":{"line":51,"column":15}},"15":{"start":{"line":53,"column":12},"end":{"line":53,"column":42}},"16":{"start":{"line":54,"column":12},"end":{"line":54,"column":74}},"17":{"start":{"line":57,"column":12},"end":{"line":57,"column":44}},"18":{"start":{"line":60,"column":12},"end":{"line":60,"column":41}},"19":{"start":{"line":61,"column":12},"end":{"line":64,"column":15}},"20":{"start":{"line":65,"column":12},"end":{"line":65,"column":24}},"21":{"start":{"line":70,"column":8},"end":{"line":91,"column":9}},"22":{"start":{"line":71,"column":12},"end":{"line":71,"column":74}},"23":{"start":{"line":72,"column":12},"end":{"line":72,"column":46}},"24":{"start":{"line":75,"column":12},"end":{"line":78,"column":15}},"25":{"start":{"line":80,"column":12},"end":{"line":80,"column":32}},"26":{"start":{"line":81,"column":12},"end":{"line":81,"column":44}},"27":{"start":{"line":82,"column":12},"end":{"line":82,"column":74}},"28":{"start":{"line":85,"column":12},"end":{"line":85,"column":41}},"29":{"start":{"line":86,"column":12},"end":{"line":89,"column":15}},"30":{"start":{"line":90,"column":12},"end":{"line":90,"column":24}},"31":{"start":{"line":95,"column":8},"end":{"line":104,"column":43}},"32":{"start":{"line":96,"column":12},"end":{"line":103,"column":13}},"33":{"start":{"line":97,"column":16},"end":{"line":97,"column":49}},"34":{"start":{"line":99,"column":16},"end":{"line":102,"column":19}},"35":{"start":{"line":108,"column":30},"end":{"line":108,"column":58}},"36":{"start":{"line":109,"column":34},"end":{"line":109,"column":66}},"37":{"start":{"line":112,"column":8},"end":{"line":117,"column":9}},"38":{"start":{"line":113,"column":12},"end":{"line":116,"column":15}},"39":{"start":{"line":120,"column":8},"end":{"line":125,"column":9}},"40":{"start":{"line":121,"column":12},"end":{"line":124,"column":15}},"41":{"start":{"line":128,"column":8},"end":{"line":133,"column":9}},"42":{"start":{"line":129,"column":12},"end":{"line":132,"column":15}},"43":{"start":{"line":136,"column":8},"end":{"line":136,"column":74}},"44":{"start":{"line":140,"column":22},"end":{"line":140,"column":32}},"45":{"start":{"line":143,"column":8},"end":{"line":146,"column":9}},"46":{"start":{"line":145,"column":12},"end":{"line":145,"column":19}},"47":{"start":{"line":148,"column":8},"end":{"line":148,"column":48}},"48":{"start":{"line":149,"column":8},"end":{"line":153,"column":11}},"49":{"start":{"line":155,"column":8},"end":{"line":155,"column":75}},"50":{"start":{"line":159,"column":8},"end":{"line":159,"column":72}},"51":{"start":{"line":160,"column":8},"end":{"line":160,"column":85}},"52":{"start":{"line":161,"column":8},"end":{"line":161,"column":89}},"53":{"start":{"line":162,"column":8},"end":{"line":162,"column":99}},"54":{"start":{"line":163,"column":8},"end":{"line":163,"column":86}},"55":{"start":{"line":167,"column":8},"end":{"line":175,"column":10}},"56":{"start":{"line":179,"column":8},"end":{"line":181,"column":9}},"57":{"start":{"line":180,"column":12},"end":{"line":180,"column":58}},"58":{"start":{"line":185,"column":8},"end":{"line":187,"column":9}},"59":{"start":{"line":186,"column":12},"end":{"line":186,"column":47}}},"fnMap":{"0":{"name":"(anonymous_0)","decl":{"start":{"line":15,"column":4},"end":{"line":15,"column":5}},"loc":{"start":{"line":15,"column":29},"end":{"line":35,"column":5}},"line":15},"1":{"name":"(anonymous_1)","decl":{"start":{"line":37,"column":4},"end":{"line":37,"column":5}},"loc":{"start":{"line":37,"column":20},"end":{"line":67,"column":5}},"line":37},"2":{"name":"(anonymous_2)","decl":{"start":{"line":69,"column":4},"end":{"line":69,"column":5}},"loc":{"start":{"line":69,"column":20},"end":{"line":92,"column":5}},"line":69},"3":{"name":"(anonymous_3)","decl":{"start":{"line":94,"column":4},"end":{"line":94,"column":5}},"loc":{"start":{"line":94,"column":31},"end":{"line":105,"column":5}},"line":94},"4":{"name":"(anonymous_4)","decl":{"start":{"line":95,"column":20},"end":{"line":95,"column":21}},"loc":{"start":{"line":95,"column":26},"end":{"line":104,"column":9}},"line":95},"5":{"name":"(anonymous_5)","decl":{"start":{"line":107,"column":4},"end":{"line":107,"column":5}},"loc":{"start":{"line":107,"column":32},"end":{"line":137,"column":5}},"line":107},"6":{"name":"(anonymous_6)","decl":{"start":{"line":139,"column":4},"end":{"line":139,"column":5}},"loc":{"start":{"line":139,"column":41},"end":{"line":156,"column":5}},"line":139},"7":{"name":"(anonymous_7)","decl":{"start":{"line":158,"column":4},"end":{"line":158,"column":5}},"loc":{"start":{"line":158,"column":65},"end":{"line":164,"column":5}},"line":158},"8":{"name":"(anonymous_8)","decl":{"start":{"line":166,"column":4},"end":{"line":166,"column":5}},"loc":{"start":{"line":166,"column":28},"end":{"line":176,"column":5}},"line":166},"9":{"name":"(anonymous_9)","decl":{"start":{"line":178,"column":4},"end":{"line":178,"column":5}},"loc":{"start":{"line":178,"column":40},"end":{"line":182,"column":5}},"line":178},"10":{"name":"(anonymous_10)","decl":{"start":{"line":184,"column":4},"end":{"line":184,"column":5}},"loc":{"start":{"line":184,"column":26},"end":{"line":188,"column":5}},"line":184}},"branchMap":{"0":{"loc":{"start":{"line":15,"column":16},"end":{"line":15,"column":27}},"type":"default-arg","locations":[{"start":{"line":15,"column":25},"end":{"line":15,"column":27}}],"line":15},"1":{"loc":{"start":{"line":17,"column":23},"end":{"line":17,"column":46}},"type":"binary-expr","locations":[{"start":{"line":17,"column":23},"end":{"line":17,"column":39}},{"start":{"line":17,"column":43},"end":{"line":17,"column":46}}],"line":17},"2":{"loc":{"start":{"line":18,"column":29},"end":{"line":18,"column":60}},"type":"binary-expr","locations":[{"start":{"line":18,"column":29},"end":{"line":18,"column":51}},{"start":{"line":18,"column":55},"end":{"line":18,"column":60}}],"line":18},"3":{"loc":{"start":{"line":19,"column":29},"end":{"line":19,"column":59}},"type":"binary-expr","locations":[{"start":{"line":19,"column":29},"end":{"line":19,"column":51}},{"start":{"line":19,"column":55},"end":{"line":19,"column":59}}],"line":19},"4":{"loc":{"start":{"line":20,"column":32},"end":{"line":20,"column":66}},"type":"binary-expr","locations":[{"start":{"line":20,"column":32},"end":{"line":20,"column":57}},{"start":{"line":20,"column":61},"end":{"line":20,"column":66}}],"line":20},"5":{"loc":{"start":{"line":21,"column":35},"end":{"line":21,"column":72}},"type":"binary-expr","locations":[{"start":{"line":21,"column":35},"end":{"line":21,"column":63}},{"start":{"line":21,"column":67},"end":{"line":21,"column":72}}],"line":21},"6":{"loc":{"start":{"line":112,"column":8},"end":{"line":117,"column":9}},"type":"if","locations":[{"start":{"line":112,"column":8},"end":{"line":117,"column":9}},{"start":{},"end":{}}],"line":112},"7":{"loc":{"start":{"line":120,"column":8},"end":{"line":125,"column":9}},"type":"if","locations":[{"start":{"line":120,"column":8},"end":{"line":125,"column":9}},{"start":{},"end":{}}],"line":120},"8":{"loc":{"start":{"line":128,"column":8},"end":{"line":133,"column":9}},"type":"if","locations":[{"start":{"line":128,"column":8},"end":{"line":133,"column":9}},{"start":{},"end":{}}],"line":128},"9":{"loc":{"start":{"line":143,"column":8},"end":{"line":146,"column":9}},"type":"if","locations":[{"start":{"line":143,"column":8},"end":{"line":146,"column":9}},{"start":{},"end":{}}],"line":143},"10":{"loc":{"start":{"line":143,"column":12},"end":{"line":144,"column":58}},"type":"binary-expr","locations":[{"start":{"line":143,"column":12},"end":{"line":143,"column":29}},{"start":{"line":144,"column":12},"end":{"line":144,"column":58}}],"line":143},"11":{"loc":{"start":{"line":179,"column":8},"end":{"line":181,"column":9}},"type":"if","locations":[{"start":{"line":179,"column":8},"end":{"line":181,"column":9}},{"start":{},"end":{}}],"line":179},"12":{"loc":{"start":{"line":185,"column":8},"end":{"line":187,"column":9}},"type":"if","locations":[{"start":{"line":185,"column":8},"end":{"line":187,"column":9}},{"start":{},"end":{}}],"line":185}},"s":{"0":0,"1":0,"2":0,"3":0,"4":0,"5":0,"6":0,"7":0,"8":0,"9":0,"10":0,"11":0,"12":0,"13":0,"14":0,"15":0,"16":0,"17":0,"18":0,"19":0,"20":0,"21":0,"22":0,"23":0,"24":0,"25":0,"26":0,"27":0,"28":0,"29":0,"30":0,"31":0,"32":0,"33":0,"34":0,"35":0,"36":0,"37":0,"38":0,"39":0,"40":0,"41":0,"42":0,"43":0,"44":0,"45":0,"46":0,"47":0,"48":0,"49":0,"50":0,"51":0,"52":0,"53":0,"54":0,"55":0,"56":0,"57":0,"58":0,"59":0},"f":{"0":0,"1":0,"2":0,"3":0,"4":0,"5":0,"6":0,"7":0,"8":0,"9":0,"10":0},"b":{"0":[0],"1":[0,0],"2":[0,0],"3":[0,0],"4":[0,0],"5":[0,0],"6":[0,0],"7":[0,0],"8":[0,0],"9":[0,0],"10":[0,0],"11":[0,0],"12":[0,0]},"inputSourceMap":null,"_coverageSchema":"1a1c01bbd47fc00a2c39e90264f33305004495a9","hash":"4592873cc3dba9d02722c645f2ac6c514897ae50"}
,"/var/www/ProyectoDragon/backend/servicios/redSuperior/dragoneye/core/Monitor.js": {"path":"/var/www/ProyectoDragon/backend/servicios/redSuperior/dragoneye/core/Monitor.js","statementMap":{"0":{"start":{"line":13,"column":8},"end":{"line":15,"column":9}},"1":{"start":{"line":14,"column":12},"end":{"line":14,"column":74}},"2":{"start":{"line":17,"column":8},"end":{"line":17,"column":29}},"3":{"start":{"line":18,"column":8},"end":{"line":18,"column":33}},"4":{"start":{"line":19,"column":8},"end":{"line":19,"column":35}},"5":{"start":{"line":20,"column":8},"end":{"line":20,"column":26}},"6":{"start":{"line":21,"column":8},"end":{"line":21,"column":28}},"7":{"start":{"line":22,"column":8},"end":{"line":22,"column":29}},"8":{"start":{"line":23,"column":8},"end":{"line":23,"column":35}},"9":{"start":{"line":24,"column":8},"end":{"line":24,"column":31}},"10":{"start":{"line":28,"column":8},"end":{"line":45,"column":9}},"11":{"start":{"line":29,"column":12},"end":{"line":29,"column":59}},"12":{"start":{"line":30,"column":12},"end":{"line":30,"column":31}},"13":{"start":{"line":31,"column":12},"end":{"line":31,"column":53}},"14":{"start":{"line":33,"column":12},"end":{"line":35,"column":22}},"15":{"start":{"line":34,"column":16},"end":{"line":34,"column":42}},"16":{"start":{"line":37,"column":12},"end":{"line":37,"column":44}},"17":{"start":{"line":38,"column":12},"end":{"line":38,"column":58}},"18":{"start":{"line":40,"column":12},"end":{"line":43,"column":15}},"19":{"start":{"line":44,"column":12},"end":{"line":44,"column":24}},"20":{"start":{"line":49,"column":8},"end":{"line":61,"column":9}},"21":{"start":{"line":50,"column":12},"end":{"line":52,"column":13}},"22":{"start":{"line":51,"column":16},"end":{"line":51,"column":47}},"23":{"start":{"line":53,"column":12},"end":{"line":53,"column":32}},"24":{"start":{"line":54,"column":12},"end":{"line":54,"column":58}},"25":{"start":{"line":56,"column":12},"end":{"line":59,"column":15}},"26":{"start":{"line":60,"column":12},"end":{"line":60,"column":24}},"27":{"start":{"line":65,"column":8},"end":{"line":84,"column":9}},"28":{"start":{"line":66,"column":12},"end":{"line":69,"column":13}},"29":{"start":{"line":67,"column":16},"end":{"line":67,"column":87}},"30":{"start":{"line":68,"column":16},"end":{"line":68,"column":23}},"31":{"start":{"line":71,"column":12},"end":{"line":71,"column":47}},"32":{"start":{"line":72,"column":12},"end":{"line":72,"column":59}},"33":{"start":{"line":73,"column":12},"end":{"line":73,"column":75}},"34":{"start":{"line":75,"column":12},"end":{"line":77,"column":13}},"35":{"start":{"line":76,"column":16},"end":{"line":76,"column":46}},"36":{"start":{"line":79,"column":12},"end":{"line":83,"column":15}},"37":{"start":{"line":88,"column":8},"end":{"line":110,"column":9}},"38":{"start":{"line":89,"column":12},"end":{"line":93,"column":15}},"39":{"start":{"line":95,"column":12},"end":{"line":95,"column":64}},"40":{"start":{"line":96,"column":12},"end":{"line":99,"column":15}},"41":{"start":{"line":101,"column":12},"end":{"line":103,"column":13}},"42":{"start":{"line":102,"column":16},"end":{"line":102,"column":37}},"43":{"start":{"line":105,"column":12},"end":{"line":109,"column":15}},"44":{"start":{"line":114,"column":8},"end":{"line":114,"column":57}},"45":{"start":{"line":114,"column":48},"end":{"line":114,"column":57}},"46":{"start":{"line":116,"column":33},"end":{"line":116,"column":81}},"47":{"start":{"line":116,"column":75},"end":{"line":116,"column":80}},"48":{"start":{"line":117,"column":23},"end":{"line":117,"column":68}},"49":{"start":{"line":118,"column":8},"end":{"line":118,"column":40}},"50":{"start":{"line":122,"column":8},"end":{"line":122,"column":57}},"51":{"start":{"line":122,"column":48},"end":{"line":122,"column":57}},"52":{"start":{"line":124,"column":33},"end":{"line":124,"column":61}},"53":{"start":{"line":125,"column":29},"end":{"line":125,"column":48}},"54":{"start":{"line":126,"column":8},"end":{"line":126,"column":47}},"55":{"start":{"line":130,"column":8},"end":{"line":166,"column":9}},"56":{"start":{"line":131,"column":32},"end":{"line":131,"column":53}},"57":{"start":{"line":132,"column":36},"end":{"line":132,"column":80}},"58":{"start":{"line":134,"column":12},"end":{"line":134,"column":83}},"59":{"start":{"line":135,"column":12},"end":{"line":135,"column":85}},"60":{"start":{"line":136,"column":12},"end":{"line":136,"column":87}},"61":{"start":{"line":138,"column":12},"end":{"line":144,"column":13}},"62":{"start":{"line":139,"column":16},"end":{"line":143,"column":19}},"63":{"start":{"line":146,"column":24},"end":{"line":146,"column":42}},"64":{"start":{"line":147,"column":12},"end":{"line":147,"column":62}},"65":{"start":{"line":149,"column":12},"end":{"line":151,"column":13}},"66":{"start":{"line":150,"column":16},"end":{"line":150,"column":75}},"67":{"start":{"line":153,"column":30},"end":{"line":153,"column":54}},"68":{"start":{"line":154,"column":12},"end":{"line":154,"column":75}},"69":{"start":{"line":156,"column":12},"end":{"line":158,"column":13}},"70":{"start":{"line":157,"column":16},"end":{"line":157,"column":86}},"71":{"start":{"line":161,"column":12},"end":{"line":164,"column":15}},"72":{"start":{"line":165,"column":12},"end":{"line":165,"column":24}},"73":{"start":{"line":170,"column":8},"end":{"line":178,"column":10}}},"fnMap":{"0":{"name":"(anonymous_0)","decl":{"start":{"line":12,"column":4},"end":{"line":12,"column":5}},"loc":{"start":{"line":12,"column":34},"end":{"line":25,"column":5}},"line":12},"1":{"name":"(anonymous_1)","decl":{"start":{"line":27,"column":4},"end":{"line":27,"column":5}},"loc":{"start":{"line":27,"column":20},"end":{"line":46,"column":5}},"line":27},"2":{"name":"(anonymous_2)","decl":{"start":{"line":33,"column":42},"end":{"line":33,"column":43}},"loc":{"start":{"line":33,"column":48},"end":{"line":35,"column":13}},"line":33},"3":{"name":"(anonymous_3)","decl":{"start":{"line":48,"column":4},"end":{"line":48,"column":5}},"loc":{"start":{"line":48,"column":20},"end":{"line":62,"column":5}},"line":48},"4":{"name":"(anonymous_4)","decl":{"start":{"line":64,"column":4},"end":{"line":64,"column":5}},"loc":{"start":{"line":64,"column":28},"end":{"line":85,"column":5}},"line":64},"5":{"name":"(anonymous_5)","decl":{"start":{"line":87,"column":4},"end":{"line":87,"column":5}},"loc":{"start":{"line":87,"column":26},"end":{"line":111,"column":5}},"line":87},"6":{"name":"(anonymous_6)","decl":{"start":{"line":113,"column":4},"end":{"line":113,"column":5}},"loc":{"start":{"line":113,"column":18},"end":{"line":119,"column":5}},"line":113},"7":{"name":"(anonymous_7)","decl":{"start":{"line":116,"column":65},"end":{"line":116,"column":66}},"loc":{"start":{"line":116,"column":75},"end":{"line":116,"column":80}},"line":116},"8":{"name":"(anonymous_8)","decl":{"start":{"line":121,"column":4},"end":{"line":121,"column":5}},"loc":{"start":{"line":121,"column":24},"end":{"line":127,"column":5}},"line":121},"9":{"name":"(anonymous_9)","decl":{"start":{"line":129,"column":4},"end":{"line":129,"column":5}},"loc":{"start":{"line":129,"column":31},"end":{"line":167,"column":5}},"line":129},"10":{"name":"(anonymous_10)","decl":{"start":{"line":169,"column":4},"end":{"line":169,"column":5}},"loc":{"start":{"line":169,"column":20},"end":{"line":179,"column":5}},"line":169}},"branchMap":{"0":{"loc":{"start":{"line":13,"column":8},"end":{"line":15,"column":9}},"type":"if","locations":[{"start":{"line":13,"column":8},"end":{"line":15,"column":9}},{"start":{},"end":{}}],"line":13},"1":{"loc":{"start":{"line":13,"column":12},"end":{"line":13,"column":32}},"type":"binary-expr","locations":[{"start":{"line":13,"column":12},"end":{"line":13,"column":19}},{"start":{"line":13,"column":23},"end":{"line":13,"column":32}}],"line":13},"2":{"loc":{"start":{"line":50,"column":12},"end":{"line":52,"column":13}},"type":"if","locations":[{"start":{"line":50,"column":12},"end":{"line":52,"column":13}},{"start":{},"end":{}}],"line":50},"3":{"loc":{"start":{"line":66,"column":12},"end":{"line":69,"column":13}},"type":"if","locations":[{"start":{"line":66,"column":12},"end":{"line":69,"column":13}},{"start":{},"end":{}}],"line":66},"4":{"loc":{"start":{"line":66,"column":16},"end":{"line":66,"column":56}},"type":"binary-expr","locations":[{"start":{"line":66,"column":16},"end":{"line":66,"column":42}},{"start":{"line":66,"column":46},"end":{"line":66,"column":56}}],"line":66},"5":{"loc":{"start":{"line":75,"column":12},"end":{"line":77,"column":13}},"type":"if","locations":[{"start":{"line":75,"column":12},"end":{"line":77,"column":13}},{"start":{},"end":{}}],"line":75},"6":{"loc":{"start":{"line":101,"column":12},"end":{"line":103,"column":13}},"type":"if","locations":[{"start":{"line":101,"column":12},"end":{"line":103,"column":13}},{"start":{},"end":{}}],"line":101},"7":{"loc":{"start":{"line":114,"column":8},"end":{"line":114,"column":57}},"type":"if","locations":[{"start":{"line":114,"column":8},"end":{"line":114,"column":57}},{"start":{},"end":{}}],"line":114},"8":{"loc":{"start":{"line":122,"column":8},"end":{"line":122,"column":57}},"type":"if","locations":[{"start":{"line":122,"column":8},"end":{"line":122,"column":57}},{"start":{},"end":{}}],"line":122},"9":{"loc":{"start":{"line":138,"column":12},"end":{"line":144,"column":13}},"type":"if","locations":[{"start":{"line":138,"column":12},"end":{"line":144,"column":13}},{"start":{},"end":{}}],"line":138},"10":{"loc":{"start":{"line":149,"column":12},"end":{"line":151,"column":13}},"type":"if","locations":[{"start":{"line":149,"column":12},"end":{"line":151,"column":13}},{"start":{},"end":{}}],"line":149},"11":{"loc":{"start":{"line":156,"column":12},"end":{"line":158,"column":13}},"type":"if","locations":[{"start":{"line":156,"column":12},"end":{"line":158,"column":13}},{"start":{},"end":{}}],"line":156}},"s":{"0":0,"1":0,"2":0,"3":0,"4":0,"5":0,"6":0,"7":0,"8":0,"9":0,"10":0,"11":0,"12":0,"13":0,"14":0,"15":0,"16":0,"17":0,"18":0,"19":0,"20":0,"21":0,"22":0,"23":0,"24":0,"25":0,"26":0,"27":0,"28":0,"29":0,"30":0,"31":0,"32":0,"33":0,"34":0,"35":0,"36":0,"37":0,"38":0,"39":0,"40":0,"41":0,"42":0,"43":0,"44":0,"45":0,"46":0,"47":0,"48":0,"49":0,"50":0,"51":0,"52":0,"53":0,"54":0,"55":0,"56":0,"57":0,"58":0,"59":0,"60":0,"61":0,"62":0,"63":0,"64":0,"65":0,"66":0,"67":0,"68":0,"69":0,"70":0,"71":0,"72":0,"73":0},"f":{"0":0,"1":0,"2":0,"3":0,"4":0,"5":0,"6":0,"7":0,"8":0,"9":0,"10":0},"b":{"0":[0,0],"1":[0,0],"2":[0,0],"3":[0,0],"4":[0,0],"5":[0,0],"6":[0,0],"7":[0,0],"8":[0,0],"9":[0,0],"10":[0,0],"11":[0,0]},"inputSourceMap":null,"_coverageSchema":"1a1c01bbd47fc00a2c39e90264f33305004495a9","hash":"5f90d7af4f5441ddf3a7085e160ba21301fc31b5"}
,"/var/www/ProyectoDragon/backend/servicios/redSuperior/dragoneye/core/Verificador.js": {"path":"/var/www/ProyectoDragon/backend/servicios/redSuperior/dragoneye/core/Verificador.js","statementMap":{"0":{"start":{"line":14,"column":8},"end":{"line":16,"column":9}},"1":{"start":{"line":15,"column":12},"end":{"line":15,"column":78}},"2":{"start":{"line":18,"column":8},"end":{"line":18,"column":29}},"3":{"start":{"line":19,"column":8},"end":{"line":19,"column":33}},"4":{"start":{"line":20,"column":8},"end":{"line":20,"column":28}},"5":{"start":{"line":21,"column":8},"end":{"line":21,"column":39}},"6":{"start":{"line":22,"column":8},"end":{"line":22,"column":40}},"7":{"start":{"line":23,"column":8},"end":{"line":23,"column":40}},"8":{"start":{"line":24,"column":8},"end":{"line":24,"column":31}},"9":{"start":{"line":25,"column":8},"end":{"line":25,"column":36}},"10":{"start":{"line":26,"column":8},"end":{"line":26,"column":39}},"11":{"start":{"line":30,"column":35},"end":{"line":30,"column":45}},"12":{"start":{"line":31,"column":8},"end":{"line":60,"column":9}},"13":{"start":{"line":32,"column":12},"end":{"line":32,"column":63}},"14":{"start":{"line":33,"column":12},"end":{"line":33,"column":31}},"15":{"start":{"line":35,"column":12},"end":{"line":42,"column":22}},"16":{"start":{"line":36,"column":16},"end":{"line":41,"column":17}},"17":{"start":{"line":37,"column":20},"end":{"line":37,"column":43}},"18":{"start":{"line":38,"column":20},"end":{"line":38,"column":48}},"19":{"start":{"line":40,"column":20},"end":{"line":40,"column":57}},"20":{"start":{"line":44,"column":12},"end":{"line":44,"column":35}},"21":{"start":{"line":46,"column":33},"end":{"line":46,"column":64}},"22":{"start":{"line":47,"column":12},"end":{"line":47,"column":84}},"23":{"start":{"line":49,"column":12},"end":{"line":52,"column":15}},"24":{"start":{"line":54,"column":12},"end":{"line":58,"column":15}},"25":{"start":{"line":59,"column":12},"end":{"line":59,"column":24}},"26":{"start":{"line":64,"column":8},"end":{"line":80,"column":9}},"27":{"start":{"line":65,"column":12},"end":{"line":65,"column":65}},"28":{"start":{"line":67,"column":12},"end":{"line":70,"column":13}},"29":{"start":{"line":68,"column":16},"end":{"line":68,"column":47}},"30":{"start":{"line":69,"column":16},"end":{"line":69,"column":39}},"31":{"start":{"line":72,"column":12},"end":{"line":72,"column":32}},"32":{"start":{"line":73,"column":12},"end":{"line":73,"column":76}},"33":{"start":{"line":75,"column":12},"end":{"line":78,"column":15}},"34":{"start":{"line":79,"column":12},"end":{"line":79,"column":24}},"35":{"start":{"line":84,"column":35},"end":{"line":84,"column":45}},"36":{"start":{"line":85,"column":8},"end":{"line":132,"column":9}},"37":{"start":{"line":86,"column":12},"end":{"line":86,"column":68}},"38":{"start":{"line":88,"column":61},"end":{"line":92,"column":14}},"39":{"start":{"line":94,"column":40},"end":{"line":94,"column":82}},"40":{"start":{"line":96,"column":12},"end":{"line":105,"column":13}},"41":{"start":{"line":97,"column":16},"end":{"line":97,"column":46}},"42":{"start":{"line":99,"column":16},"end":{"line":99,"column":46}},"43":{"start":{"line":100,"column":16},"end":{"line":104,"column":19}},"44":{"start":{"line":107,"column":39},"end":{"line":107,"column":70}},"45":{"start":{"line":108,"column":12},"end":{"line":108,"column":88}},"46":{"start":{"line":110,"column":12},"end":{"line":114,"column":13}},"47":{"start":{"line":111,"column":16},"end":{"line":113,"column":19}},"48":{"start":{"line":116,"column":12},"end":{"line":116,"column":63}},"49":{"start":{"line":117,"column":30},"end":{"line":117,"column":54}},"50":{"start":{"line":118,"column":12},"end":{"line":118,"column":81}},"51":{"start":{"line":120,"column":12},"end":{"line":125,"column":13}},"52":{"start":{"line":121,"column":16},"end":{"line":124,"column":19}},"53":{"start":{"line":127,"column":12},"end":{"line":127,"column":39}},"54":{"start":{"line":130,"column":12},"end":{"line":130,"column":49}},"55":{"start":{"line":131,"column":12},"end":{"line":131,"column":24}},"56":{"start":{"line":136,"column":8},"end":{"line":157,"column":9}},"57":{"start":{"line":137,"column":32},"end":{"line":137,"column":53}},"58":{"start":{"line":138,"column":36},"end":{"line":138,"column":80}},"59":{"start":{"line":140,"column":12},"end":{"line":140,"column":85}},"60":{"start":{"line":142,"column":12},"end":{"line":148,"column":13}},"61":{"start":{"line":143,"column":16},"end":{"line":147,"column":19}},"62":{"start":{"line":150,"column":12},"end":{"line":150,"column":41}},"63":{"start":{"line":152,"column":12},"end":{"line":155,"column":15}},"64":{"start":{"line":156,"column":12},"end":{"line":156,"column":25}},"65":{"start":{"line":161,"column":23},"end":{"line":161,"column":33}},"66":{"start":{"line":162,"column":8},"end":{"line":189,"column":9}},"67":{"start":{"line":164,"column":23},"end":{"line":164,"column":24}},"68":{"start":{"line":165,"column":12},"end":{"line":167,"column":13}},"69":{"start":{"line":165,"column":25},"end":{"line":165,"column":26}},"70":{"start":{"line":166,"column":16},"end":{"line":166,"column":38}},"71":{"start":{"line":169,"column":27},"end":{"line":169,"column":46}},"72":{"start":{"line":170,"column":12},"end":{"line":170,"column":83}},"73":{"start":{"line":172,"column":41},"end":{"line":172,"column":52}},"74":{"start":{"line":174,"column":12},"end":{"line":179,"column":13}},"75":{"start":{"line":175,"column":16},"end":{"line":178,"column":19}},"76":{"start":{"line":181,"column":12},"end":{"line":181,"column":40}},"77":{"start":{"line":183,"column":12},"end":{"line":187,"column":15}},"78":{"start":{"line":188,"column":12},"end":{"line":188,"column":25}},"79":{"start":{"line":193,"column":8},"end":{"line":213,"column":9}},"80":{"start":{"line":194,"column":38},"end":{"line":194,"column":72}},"81":{"start":{"line":195,"column":12},"end":{"line":195,"column":95}},"82":{"start":{"line":197,"column":33},"end":{"line":197,"column":57}},"83":{"start":{"line":199,"column":12},"end":{"line":204,"column":13}},"84":{"start":{"line":200,"column":16},"end":{"line":203,"column":19}},"85":{"start":{"line":206,"column":12},"end":{"line":206,"column":32}},"86":{"start":{"line":208,"column":12},"end":{"line":211,"column":15}},"87":{"start":{"line":212,"column":12},"end":{"line":212,"column":25}},"88":{"start":{"line":217,"column":8},"end":{"line":217,"column":38}},"89":{"start":{"line":218,"column":8},"end":{"line":218,"column":64}},"90":{"start":{"line":220,"column":8},"end":{"line":220,"column":34}},"91":{"start":{"line":222,"column":8},"end":{"line":235,"column":9}},"92":{"start":{"line":223,"column":12},"end":{"line":227,"column":15}},"93":{"start":{"line":229,"column":12},"end":{"line":234,"column":15}},"94":{"start":{"line":239,"column":22},"end":{"line":239,"column":79}},"95":{"start":{"line":240,"column":8},"end":{"line":240,"column":34}},"96":{"start":{"line":240,"column":25},"end":{"line":240,"column":34}},"97":{"start":{"line":241,"column":8},"end":{"line":241,"column":51}},"98":{"start":{"line":245,"column":8},"end":{"line":252,"column":10}}},"fnMap":{"0":{"name":"(anonymous_0)","decl":{"start":{"line":13,"column":4},"end":{"line":13,"column":5}},"loc":{"start":{"line":13,"column":34},"end":{"line":27,"column":5}},"line":13},"1":{"name":"(anonymous_1)","decl":{"start":{"line":29,"column":4},"end":{"line":29,"column":5}},"loc":{"start":{"line":29,"column":20},"end":{"line":61,"column":5}},"line":29},"2":{"name":"(anonymous_2)","decl":{"start":{"line":35,"column":42},"end":{"line":35,"column":43}},"loc":{"start":{"line":35,"column":54},"end":{"line":42,"column":13}},"line":35},"3":{"name":"(anonymous_3)","decl":{"start":{"line":63,"column":4},"end":{"line":63,"column":5}},"loc":{"start":{"line":63,"column":20},"end":{"line":81,"column":5}},"line":63},"4":{"name":"(anonymous_4)","decl":{"start":{"line":83,"column":4},"end":{"line":83,"column":5}},"loc":{"start":{"line":83,"column":22},"end":{"line":133,"column":5}},"line":83},"5":{"name":"(anonymous_5)","decl":{"start":{"line":135,"column":4},"end":{"line":135,"column":5}},"loc":{"start":{"line":135,"column":29},"end":{"line":158,"column":5}},"line":135},"6":{"name":"(anonymous_6)","decl":{"start":{"line":160,"column":4},"end":{"line":160,"column":5}},"loc":{"start":{"line":160,"column":33},"end":{"line":190,"column":5}},"line":160},"7":{"name":"(anonymous_7)","decl":{"start":{"line":192,"column":4},"end":{"line":192,"column":5}},"loc":{"start":{"line":192,"column":32},"end":{"line":214,"column":5}},"line":192},"8":{"name":"(anonymous_8)","decl":{"start":{"line":216,"column":4},"end":{"line":216,"column":5}},"loc":{"start":{"line":216,"column":36},"end":{"line":236,"column":5}},"line":216},"9":{"name":"(anonymous_9)","decl":{"start":{"line":238,"column":4},"end":{"line":238,"column":5}},"loc":{"start":{"line":238,"column":24},"end":{"line":242,"column":5}},"line":238},"10":{"name":"(anonymous_10)","decl":{"start":{"line":244,"column":4},"end":{"line":244,"column":5}},"loc":{"start":{"line":244,"column":20},"end":{"line":253,"column":5}},"line":244}},"branchMap":{"0":{"loc":{"start":{"line":14,"column":8},"end":{"line":16,"column":9}},"type":"if","locations":[{"start":{"line":14,"column":8},"end":{"line":16,"column":9}},{"start":{},"end":{}}],"line":14},"1":{"loc":{"start":{"line":14,"column":12},"end":{"line":14,"column":32}},"type":"binary-expr","locations":[{"start":{"line":14,"column":12},"end":{"line":14,"column":19}},{"start":{"line":14,"column":23},"end":{"line":14,"column":32}}],"line":14},"2":{"loc":{"start":{"line":67,"column":12},"end":{"line":70,"column":13}},"type":"if","locations":[{"start":{"line":67,"column":12},"end":{"line":70,"column":13}},{"start":{},"end":{}}],"line":67},"3":{"loc":{"start":{"line":94,"column":40},"end":{"line":94,"column":82}},"type":"binary-expr","locations":[{"start":{"line":94,"column":40},"end":{"line":94,"column":49}},{"start":{"line":94,"column":53},"end":{"line":94,"column":66}},{"start":{"line":94,"column":70},"end":{"line":94,"column":82}}],"line":94},"4":{"loc":{"start":{"line":96,"column":12},"end":{"line":105,"column":13}},"type":"if","locations":[{"start":{"line":96,"column":12},"end":{"line":105,"column":13}},{"start":{"line":98,"column":19},"end":{"line":105,"column":13}}],"line":96},"5":{"loc":{"start":{"line":110,"column":12},"end":{"line":114,"column":13}},"type":"if","locations":[{"start":{"line":110,"column":12},"end":{"line":114,"column":13}},{"start":{},"end":{}}],"line":110},"6":{"loc":{"start":{"line":120,"column":12},"end":{"line":125,"column":13}},"type":"if","locations":[{"start":{"line":120,"column":12},"end":{"line":125,"column":13}},{"start":{},"end":{}}],"line":120},"7":{"loc":{"start":{"line":142,"column":12},"end":{"line":148,"column":13}},"type":"if","locations":[{"start":{"line":142,"column":12},"end":{"line":148,"column":13}},{"start":{},"end":{}}],"line":142},"8":{"loc":{"start":{"line":174,"column":12},"end":{"line":179,"column":13}},"type":"if","locations":[{"start":{"line":174,"column":12},"end":{"line":179,"column":13}},{"start":{},"end":{}}],"line":174},"9":{"loc":{"start":{"line":199,"column":12},"end":{"line":204,"column":13}},"type":"if","locations":[{"start":{"line":199,"column":12},"end":{"line":204,"column":13}},{"start":{},"end":{}}],"line":199},"10":{"loc":{"start":{"line":222,"column":8},"end":{"line":235,"column":9}},"type":"if","locations":[{"start":{"line":222,"column":8},"end":{"line":235,"column":9}},{"start":{"line":228,"column":15},"end":{"line":235,"column":9}}],"line":222},"11":{"loc":{"start":{"line":240,"column":8},"end":{"line":240,"column":34}},"type":"if","locations":[{"start":{"line":240,"column":8},"end":{"line":240,"column":34}},{"start":{},"end":{}}],"line":240}},"s":{"0":0,"1":0,"2":0,"3":0,"4":0,"5":0,"6":0,"7":0,"8":0,"9":0,"10":0,"11":0,"12":0,"13":0,"14":0,"15":0,"16":0,"17":0,"18":0,"19":0,"20":0,"21":0,"22":0,"23":0,"24":0,"25":0,"26":0,"27":0,"28":0,"29":0,"30":0,"31":0,"32":0,"33":0,"34":0,"35":0,"36":0,"37":0,"38":0,"39":0,"40":0,"41":0,"42":0,"43":0,"44":0,"45":0,"46":0,"47":0,"48":0,"49":0,"50":0,"51":0,"52":0,"53":0,"54":0,"55":0,"56":0,"57":0,"58":0,"59":0,"60":0,"61":0,"62":0,"63":0,"64":0,"65":0,"66":0,"67":0,"68":0,"69":0,"70":0,"71":0,"72":0,"73":0,"74":0,"75":0,"76":0,"77":0,"78":0,"79":0,"80":0,"81":0,"82":0,"83":0,"84":0,"85":0,"86":0,"87":0,"88":0,"89":0,"90":0,"91":0,"92":0,"93":0,"94":0,"95":0,"96":0,"97":0,"98":0},"f":{"0":0,"1":0,"2":0,"3":0,"4":0,"5":0,"6":0,"7":0,"8":0,"9":0,"10":0},"b":{"0":[0,0],"1":[0,0],"2":[0,0],"3":[0,0,0],"4":[0,0],"5":[0,0],"6":[0,0],"7":[0,0],"8":[0,0],"9":[0,0],"10":[0,0],"11":[0,0]},"inputSourceMap":null,"_coverageSchema":"1a1c01bbd47fc00a2c39e90264f33305004495a9","hash":"5341950e4be9837c010b0e2bc2f848f1e91dbb13"}
,"/var/www/ProyectoDragon/backend/servicios/redSuperior/dragoneye/utils/logger.js": {"path":"/var/www/ProyectoDragon/backend/servicios/redSuperior/dragoneye/utils/logger.js","statementMap":{"0":{"start":{"line":10,"column":37},"end":{"line":32,"column":1}},"1":{"start":{"line":11,"column":4},"end":{"line":31,"column":7}}},"fnMap":{"0":{"name":"(anonymous_0)","decl":{"start":{"line":10,"column":37},"end":{"line":10,"column":38}},"loc":{"start":{"line":10,"column":50},"end":{"line":32,"column":1}},"line":10}},"branchMap":{"0":{"loc":{"start":{"line":12,"column":15},"end":{"line":12,"column":71}},"type":"cond-expr","locations":[{"start":{"line":12,"column":55},"end":{"line":12,"column":61}},{"start":{"line":12,"column":64},"end":{"line":12,"column":71}}],"line":12}},"s":{"0":3,"1":0},"f":{"0":0},"b":{"0":[0,0]},"inputSourceMap":null,"_coverageSchema":"1a1c01bbd47fc00a2c39e90264f33305004495a9","hash":"6b8f41df58ae958359be9e9c72756a1e77678972"}
,"/var/www/ProyectoDragon/backend/servicios/redSuperior/dragoneye/utils/metricas.js": {"path":"/var/www/ProyectoDragon/backend/servicios/redSuperior/dragoneye/utils/metricas.js","statementMap":{"0":{"start":{"line":10,"column":8},"end":{"line":10,"column":36}},"1":{"start":{"line":11,"column":8},"end":{"line":11,"column":32}},"2":{"start":{"line":12,"column":8},"end":{"line":12,"column":37}},"3":{"start":{"line":16,"column":8},"end":{"line":18,"column":9}},"4":{"start":{"line":17,"column":12},"end":{"line":17,"column":46}},"5":{"start":{"line":19,"column":8},"end":{"line":19,"column":50}},"6":{"start":{"line":23,"column":28},"end":{"line":23,"column":61}},"7":{"start":{"line":24,"column":8},"end":{"line":24,"column":54}},"8":{"start":{"line":28,"column":8},"end":{"line":28,"column":40}},"9":{"start":{"line":32,"column":8},"end":{"line":36,"column":10}}},"fnMap":{"0":{"name":"(anonymous_0)","decl":{"start":{"line":9,"column":4},"end":{"line":9,"column":5}},"loc":{"start":{"line":9,"column":18},"end":{"line":13,"column":5}},"line":9},"1":{"name":"(anonymous_1)","decl":{"start":{"line":15,"column":4},"end":{"line":15,"column":5}},"loc":{"start":{"line":15,"column":36},"end":{"line":20,"column":5}},"line":15},"2":{"name":"(anonymous_2)","decl":{"start":{"line":22,"column":4},"end":{"line":22,"column":5}},"loc":{"start":{"line":22,"column":33},"end":{"line":25,"column":5}},"line":22},"3":{"name":"(anonymous_3)","decl":{"start":{"line":27,"column":4},"end":{"line":27,"column":5}},"loc":{"start":{"line":27,"column":36},"end":{"line":29,"column":5}},"line":27},"4":{"name":"(anonymous_4)","decl":{"start":{"line":31,"column":4},"end":{"line":31,"column":5}},"loc":{"start":{"line":31,"column":22},"end":{"line":37,"column":5}},"line":31}},"branchMap":{"0":{"loc":{"start":{"line":16,"column":8},"end":{"line":18,"column":9}},"type":"if","locations":[{"start":{"line":16,"column":8},"end":{"line":18,"column":9}},{"start":{},"end":{}}],"line":16},"1":{"loc":{"start":{"line":23,"column":28},"end":{"line":23,"column":61}},"type":"binary-expr","locations":[{"start":{"line":23,"column":28},"end":{"line":23,"column":56}},{"start":{"line":23,"column":60},"end":{"line":23,"column":61}}],"line":23}},"s":{"0":0,"1":0,"2":0,"3":0,"4":0,"5":0,"6":0,"7":0,"8":0,"9":0},"f":{"0":0,"1":0,"2":0,"3":0,"4":0},"b":{"0":[0,0],"1":[0,0]},"inputSourceMap":null,"_coverageSchema":"1a1c01bbd47fc00a2c39e90264f33305004495a9","hash":"48026059963b9bcd6c490e8d9f2b235ba3ac87d9"}
}
